CRITICAL - 2023-01-11 00:35:20 --> Too few arguments to function App\Controllers\Dashboard::listArticle(), 0 passed in /opt/lampp7/htdocs/waluranweb/system/CodeIgniter.php on line 927 and exactly 1 expected
in APPPATH/Controllers/Dashboard.php on line 31.
 1 SYSTEMPATH/CodeIgniter.php(927): App\Controllers\Dashboard->listArticle()
 2 SYSTEMPATH/CodeIgniter.php(482): CodeIgniter\CodeIgniter->runController(Object(App\Controllers\Dashboard))
 3 SYSTEMPATH/CodeIgniter.php(351): CodeIgniter\CodeIgniter->handleRequest(null, Object(Config\Cache), false)
 4 FCPATH/index.php(67): CodeIgniter\CodeIgniter->run()
CRITICAL - 2023-01-11 00:36:25 --> Undefined property: CodeIgniter\HTTP\IncomingRequest::$g_token
in APPPATH/Controllers/Dashboard.php on line 33.
 1 APPPATH/Controllers/Dashboard.php(33): CodeIgniter\Debug\Exceptions->errorHandler(8, 'Undefined property: CodeIgniter\\HTTP\\IncomingRequest::$g_token', 'APPPATH/Controllers/Dashboard.php', 33, [])
 2 SYSTEMPATH/CodeIgniter.php(927): App\Controllers\Dashboard->listArticle()
 3 SYSTEMPATH/CodeIgniter.php(482): CodeIgniter\CodeIgniter->runController(Object(App\Controllers\Dashboard))
 4 SYSTEMPATH/CodeIgniter.php(351): CodeIgniter\CodeIgniter->handleRequest(null, Object(Config\Cache), false)
 5 FCPATH/index.php(67): CodeIgniter\CodeIgniter->run()
CRITICAL - 2023-01-11 00:36:33 --> Cannot use object of type CodeIgniter\HTTP\IncomingRequest as array
in APPPATH/Controllers/Dashboard.php on line 33.
 1 SYSTEMPATH/CodeIgniter.php(927): App\Controllers\Dashboard->listArticle()
 2 SYSTEMPATH/CodeIgniter.php(482): CodeIgniter\CodeIgniter->runController(Object(App\Controllers\Dashboard))
 3 SYSTEMPATH/CodeIgniter.php(351): CodeIgniter\CodeIgniter->handleRequest(null, Object(Config\Cache), false)
 4 FCPATH/index.php(67): CodeIgniter\CodeIgniter->run()
CRITICAL - 2023-01-11 00:41:02 --> Undefined property: CodeIgniter\HTTP\IncomingRequest::$headers_list
in APPPATH/Controllers/Dashboard.php on line 33.
 1 APPPATH/Controllers/Dashboard.php(33): CodeIgniter\Debug\Exceptions->errorHandler(8, 'Undefined property: CodeIgniter\\HTTP\\IncomingRequest::$headers_list', 'APPPATH/Controllers/Dashboard.php', 33, [])
 2 SYSTEMPATH/CodeIgniter.php(927): App\Controllers\Dashboard->listArticle()
 3 SYSTEMPATH/CodeIgniter.php(482): CodeIgniter\CodeIgniter->runController(Object(App\Controllers\Dashboard))
 4 SYSTEMPATH/CodeIgniter.php(351): CodeIgniter\CodeIgniter->handleRequest(null, Object(Config\Cache), false)
 5 FCPATH/index.php(67): CodeIgniter\CodeIgniter->run()
CRITICAL - 2023-01-11 00:42:29 --> Undefined index: data
in APPPATH/Filters/PageForAdmin.php on line 33.
 1 APPPATH/Filters/PageForAdmin.php(33): CodeIgniter\Debug\Exceptions->errorHandler(8, 'Undefined index: data', 'APPPATH/Filters/PageForAdmin.php', 33, [...])
 2 SYSTEMPATH/Filters/Filters.php(173): App\Filters\PageForAdmin->before(Object(CodeIgniter\HTTP\IncomingRequest), null)
 3 SYSTEMPATH/CodeIgniter.php(455): CodeIgniter\Filters\Filters->run('dashboard/artikel', 'before')
 4 SYSTEMPATH/CodeIgniter.php(351): CodeIgniter\CodeIgniter->handleRequest(null, Object(Config\Cache), false)
 5 FCPATH/index.php(67): CodeIgniter\CodeIgniter->run()
CRITICAL - 2023-01-11 01:56:40 --> Invalid file: Dashboard/categoryArticles/index.php
in SYSTEMPATH/Exceptions/FrameworkException.php on line 33.
 1 SYSTEMPATH/View/View.php(201): CodeIgniter\Exceptions\FrameworkException::forInvalidFile('Dashboard/categoryArticles/index.php')
 2 SYSTEMPATH/Common.php(1134): CodeIgniter\View\View->render('Dashboard/categoryArticles/index', [], true)
 3 APPPATH/Controllers/Dashboard.php(77): view('Dashboard/categoryArticles/index', [...])
 4 SYSTEMPATH/CodeIgniter.php(927): App\Controllers\Dashboard->categoryArticle()
 5 SYSTEMPATH/CodeIgniter.php(482): CodeIgniter\CodeIgniter->runController(Object(App\Controllers\Dashboard))
 6 SYSTEMPATH/CodeIgniter.php(351): CodeIgniter\CodeIgniter->handleRequest(null, Object(Config\Cache), false)
 7 FCPATH/index.php(67): CodeIgniter\CodeIgniter->run()
