ERROR - 2023-01-19 11:17:06 --> Error connecting to the database: ErrorException: mysqli::real_connect(): Error while reading greeting packet. PID=12560 in C:\xampp\htdocs\LANDINGPAGE_Waluran\system\Database\MySQLi\Connection.php:171
Stack trace:
#0 [internal function]: CodeIgniter\Debug\Exceptions->errorHandler(2, 'mysqli::real_co...', 'C:\\xampp\\htdocs...', 171, Array)
#1 C:\xampp\htdocs\LANDINGPAGE_Waluran\system\Database\MySQLi\Connection.php(171): mysqli->real_connect('127.0.0.1', 'root', '', 'db_waluranweb', 3306, '', 0)
#2 C:\xampp\htdocs\LANDINGPAGE_Waluran\system\Database\BaseConnection.php(382): CodeIgniter\Database\MySQLi\Connection->connect(false)
#3 C:\xampp\htdocs\LANDINGPAGE_Waluran\system\Database\BaseConnection.php(561): CodeIgniter\Database\BaseConnection->initialize()
#4 C:\xampp\htdocs\LANDINGPAGE_Waluran\system\Database\BaseBuilder.php(1585): CodeIgniter\Database\BaseConnection->query('SELECT `artikel...', Array, false)
#5 C:\xampp\htdocs\LANDINGPAGE_Waluran\app\Controllers\Artikel.php(76): CodeIgniter\Database\BaseBuilder->get()
#6 C:\xampp\htdocs\LANDINGPAGE_Waluran\system\CodeIgniter.php(927): App\Controllers\Artikel->show()
#7 C:\xampp\htdocs\LANDINGPAGE_Waluran\system\CodeIgniter.php(482): CodeIgniter\CodeIgniter->runController(Object(App\Controllers\Artikel))
#8 C:\xampp\htdocs\LANDINGPAGE_Waluran\system\CodeIgniter.php(351): CodeIgniter\CodeIgniter->handleRequest(NULL, Object(Config\Cache), false)
#9 C:\xampp\htdocs\LANDINGPAGE_Waluran\public\index.php(67): CodeIgniter\CodeIgniter->run()
#10 {main}

Next mysqli_sql_exception: MySQL server has gone away in C:\xampp\htdocs\LANDINGPAGE_Waluran\system\Database\MySQLi\Connection.php:171
Stack trace:
#0 C:\xampp\htdocs\LANDINGPAGE_Waluran\system\Database\MySQLi\Connection.php(171): mysqli->real_connect('127.0.0.1', 'root', '', 'db_waluranweb', 3306, '', 0)
#1 C:\xampp\htdocs\LANDINGPAGE_Waluran\system\Database\BaseConnection.php(382): CodeIgniter\Database\MySQLi\Connection->connect(false)
#2 C:\xampp\htdocs\LANDINGPAGE_Waluran\system\Database\BaseConnection.php(561): CodeIgniter\Database\BaseConnection->initialize()
#3 C:\xampp\htdocs\LANDINGPAGE_Waluran\system\Database\BaseBuilder.php(1585): CodeIgniter\Database\BaseConnection->query('SELECT `artikel...', Array, false)
#4 C:\xampp\htdocs\LANDINGPAGE_Waluran\app\Controllers\Artikel.php(76): CodeIgniter\Database\BaseBuilder->get()
#5 C:\xampp\htdocs\LANDINGPAGE_Waluran\system\CodeIgniter.php(927): App\Controllers\Artikel->show()
#6 C:\xampp\htdocs\LANDINGPAGE_Waluran\system\CodeIgniter.php(482): CodeIgniter\CodeIgniter->runController(Object(App\Controllers\Artikel))
#7 C:\xampp\htdocs\LANDINGPAGE_Waluran\system\CodeIgniter.php(351): CodeIgniter\CodeIgniter->handleRequest(NULL, Object(Config\Cache), false)
#8 C:\xampp\htdocs\LANDINGPAGE_Waluran\public\index.php(67): CodeIgniter\CodeIgniter->run()
#9 {main}

Next CodeIgniter\Database\Exceptions\DatabaseException: MySQL server has gone away in C:\xampp\htdocs\LANDINGPAGE_Waluran\system\Database\MySQLi\Connection.php:215
Stack trace:
#0 C:\xampp\htdocs\LANDINGPAGE_Waluran\system\Database\BaseConnection.php(382): CodeIgniter\Database\MySQLi\Connection->connect(false)
#1 C:\xampp\htdocs\LANDINGPAGE_Waluran\system\Database\BaseConnection.php(561): CodeIgniter\Database\BaseConnection->initialize()
#2 C:\xampp\htdocs\LANDINGPAGE_Waluran\system\Database\BaseBuilder.php(1585): CodeIgniter\Database\BaseConnection->query('SELECT `artikel...', Array, false)
#3 C:\xampp\htdocs\LANDINGPAGE_Waluran\app\Controllers\Artikel.php(76): CodeIgniter\Database\BaseBuilder->get()
#4 C:\xampp\htdocs\LANDINGPAGE_Waluran\system\CodeIgniter.php(927): App\Controllers\Artikel->show()
#5 C:\xampp\htdocs\LANDINGPAGE_Waluran\system\CodeIgniter.php(482): CodeIgniter\CodeIgniter->runController(Object(App\Controllers\Artikel))
#6 C:\xampp\htdocs\LANDINGPAGE_Waluran\system\CodeIgniter.php(351): CodeIgniter\CodeIgniter->handleRequest(NULL, Object(Config\Cache), false)
#7 C:\xampp\htdocs\LANDINGPAGE_Waluran\public\index.php(67): CodeIgniter\CodeIgniter->run()
#8 {main}
CRITICAL - 2023-01-19 11:17:06 --> Unable to connect to the database.
Main connection [MySQLi]: MySQL server has gone away
in SYSTEMPATH\Database\BaseConnection.php on line 418.
 1 SYSTEMPATH\Database\BaseConnection.php(561): CodeIgniter\Database\BaseConnection->initialize()
 2 SYSTEMPATH\Database\BaseBuilder.php(1585): CodeIgniter\Database\BaseConnection->query('SELECT `artikel`.`id`, `artikel`.`title`, `artikel`.`slug`, `kategori_artikel`.`name` AS `kategori`, `artikel`.`published_at`, `artikel`.`created_at`, `artikel`.`thumbnail`
FROM `artikel`
JOIN `kategori_artikel` ON `kategori_artikel`.`id` = `artikel`.`id_kategori`
WHERE `artikel`.`published_at` <= :artikel.published_at:
ORDER BY `artikel`.`created_at` DESC
 LIMIT 6', [...], false)
 3 APPPATH\Controllers\Artikel.php(76): CodeIgniter\Database\BaseBuilder->get()
 4 SYSTEMPATH\CodeIgniter.php(927): App\Controllers\Artikel->show()
 5 SYSTEMPATH\CodeIgniter.php(482): CodeIgniter\CodeIgniter->runController(Object(App\Controllers\Artikel))
 6 SYSTEMPATH\CodeIgniter.php(351): CodeIgniter\CodeIgniter->handleRequest(null, Object(Config\Cache), false)
 7 FCPATH\index.php(67): CodeIgniter\CodeIgniter->run()
