CRITICAL - 2023-01-08 04:15:24 --> loggedIn filter must have a matching alias defined.
in SYSTEMPATH/Filters/Filters.php on line 340.
 1 SYSTEMPATH/Filters/Filters.php(340): CodeIgniter\Filters\Exceptions\FilterException::forNoAlias('loggedIn')
 2 SYSTEMPATH/CodeIgniter.php(446): CodeIgniter\Filters\Filters->enableFilter('loggedIn', 'before')
 3 SYSTEMPATH/CodeIgniter.php(351): CodeIgniter\CodeIgniter->handleRequest(null, Object(Config\Cache), false)
 4 FCPATH/index.php(67): CodeIgniter\CodeIgniter->run()
CRITICAL - 2023-01-08 04:29:33 --> Invalid file: Layout/template.php
in SYSTEMPATH/Exceptions/FrameworkException.php on line 33.
 1 SYSTEMPATH/View/View.php(201): CodeIgniter\Exceptions\FrameworkException::forInvalidFile('Layout/template.php')
 2 SYSTEMPATH/View/View.php(229): CodeIgniter\View\View->render('Layout/template', [], true)
 3 SYSTEMPATH/Common.php(1134): CodeIgniter\View\View->render('Login/index', [], true)
 4 APPPATH/Controllers/Login.php(31): view('Login/index', [...])
 5 SYSTEMPATH/CodeIgniter.php(927): App\Controllers\Login->index()
 6 SYSTEMPATH/CodeIgniter.php(482): CodeIgniter\CodeIgniter->runController(Object(App\Controllers\Login))
 7 SYSTEMPATH/CodeIgniter.php(351): CodeIgniter\CodeIgniter->handleRequest(null, Object(Config\Cache), false)
 8 FCPATH/index.php(67): CodeIgniter\CodeIgniter->run()
CRITICAL - 2023-01-08 04:33:25 --> Invalid file: Layout/template.php
in SYSTEMPATH/Exceptions/FrameworkException.php on line 33.
 1 SYSTEMPATH/View/View.php(201): CodeIgniter\Exceptions\FrameworkException::forInvalidFile('Layout/template.php')
 2 SYSTEMPATH/View/View.php(229): CodeIgniter\View\View->render('Layout/template', [], true)
 3 SYSTEMPATH/Common.php(1134): CodeIgniter\View\View->render('Login/index', [], true)
 4 APPPATH/Controllers/Login.php(31): view('Login/index', [...])
 5 SYSTEMPATH/CodeIgniter.php(927): App\Controllers\Login->index()
 6 SYSTEMPATH/CodeIgniter.php(482): CodeIgniter\CodeIgniter->runController(Object(App\Controllers\Login))
 7 SYSTEMPATH/CodeIgniter.php(351): CodeIgniter\CodeIgniter->handleRequest(null, Object(Config\Cache), false)
 8 FCPATH/index.php(67): CodeIgniter\CodeIgniter->run()
ERROR - 2023-01-08 04:45:48 --> mysqli_sql_exception: Table 'db_waluranweb.user_detail' doesn't exist in /opt/lampp7/htdocs/waluranweb/system/Database/MySQLi/Connection.php:292
Stack trace:
#0 /opt/lampp7/htdocs/waluranweb/system/Database/MySQLi/Connection.php(292): mysqli->query('SELECT `users`....', 0)
#1 /opt/lampp7/htdocs/waluranweb/system/Database/BaseConnection.php(666): CodeIgniter\Database\MySQLi\Connection->execute('SELECT `users`....')
#2 /opt/lampp7/htdocs/waluranweb/system/Database/BaseConnection.php(593): CodeIgniter\Database\BaseConnection->simpleQuery('SELECT `users`....')
#3 /opt/lampp7/htdocs/waluranweb/system/Database/BaseBuilder.php(1718): CodeIgniter\Database\BaseConnection->query('SELECT `users`....', Array, false)
#4 /opt/lampp7/htdocs/waluranweb/app/Controllers/Login.php(81): CodeIgniter\Database\BaseBuilder->getWhere(Array)
#5 /opt/lampp7/htdocs/waluranweb/system/CodeIgniter.php(927): App\Controllers\Login->create()
#6 /opt/lampp7/htdocs/waluranweb/system/CodeIgniter.php(482): CodeIgniter\CodeIgniter->runController(Object(App\Controllers\Login))
#7 /opt/lampp7/htdocs/waluranweb/system/CodeIgniter.php(351): CodeIgniter\CodeIgniter->handleRequest(NULL, Object(Config\Cache), false)
#8 /opt/lampp7/htdocs/waluranweb/public/index.php(67): CodeIgniter\CodeIgniter->run()
#9 {main}
CRITICAL - 2023-01-08 07:07:26 --> Cannot access protected property CodeIgniter\HTTP\IncomingRequest::$path
in APPPATH/Filters/LoggedIn.php on line 44.
 1 SYSTEMPATH/Filters/Filters.php(173): App\Filters\LoggedIn->before(Object(CodeIgniter\HTTP\IncomingRequest), null)
 2 SYSTEMPATH/CodeIgniter.php(455): CodeIgniter\Filters\Filters->run('login', 'before')
 3 SYSTEMPATH/CodeIgniter.php(351): CodeIgniter\CodeIgniter->handleRequest(null, Object(Config\Cache), false)
 4 FCPATH/index.php(67): CodeIgniter\CodeIgniter->run()
CRITICAL - 2023-01-08 07:13:28 --> Cannot use object of type CodeIgniter\HTTP\IncomingRequest as array
in APPPATH/Filters/LoggedIn.php on line 44.
 1 SYSTEMPATH/Filters/Filters.php(173): App\Filters\LoggedIn->before(Object(CodeIgniter\HTTP\IncomingRequest), null)
 2 SYSTEMPATH/CodeIgniter.php(455): CodeIgniter\Filters\Filters->run('login', 'before')
 3 SYSTEMPATH/CodeIgniter.php(351): CodeIgniter\CodeIgniter->handleRequest(null, Object(Config\Cache), false)
 4 FCPATH/index.php(67): CodeIgniter\CodeIgniter->run()
CRITICAL - 2023-01-08 08:52:39 --> Invalid file: Components/adminSidebar.php
in SYSTEMPATH/Exceptions/FrameworkException.php on line 33.
 1 SYSTEMPATH/View/View.php(201): CodeIgniter\Exceptions\FrameworkException::forInvalidFile('Components/adminSidebar.php')
 2 SYSTEMPATH/View/View.php(431): CodeIgniter\View\View->render('Components/adminSidebar', null, true)
 3 APPPATH/Views/Dashboard/main.php(17): CodeIgniter\View\View->include('Components/adminSidebar')
 4 SYSTEMPATH/View/View.php(213): include('APPPATH/Views/Dashboard/main.php')
 5 SYSTEMPATH/View/View.php(216): CodeIgniter\View\View->CodeIgniter\View\{closure}()
 6 SYSTEMPATH/Common.php(1134): CodeIgniter\View\View->render('Dashboard/main', [], true)
 7 APPPATH/Controllers/Dashboard.php(23): view('Dashboard/main', [...])
 8 SYSTEMPATH/CodeIgniter.php(927): App\Controllers\Dashboard->index()
 9 SYSTEMPATH/CodeIgniter.php(482): CodeIgniter\CodeIgniter->runController(Object(App\Controllers\Dashboard))
10 SYSTEMPATH/CodeIgniter.php(351): CodeIgniter\CodeIgniter->handleRequest(null, Object(Config\Cache), false)
11 FCPATH/index.php(67): CodeIgniter\CodeIgniter->run()
