ERROR - 2023-01-13 03:44:35 --> mysqli_sql_exception: Unknown column 'title' in 'field list' in /opt/lampp7/htdocs/waluranweb/system/Database/MySQLi/Connection.php:292
Stack trace:
#0 /opt/lampp7/htdocs/waluranweb/system/Database/MySQLi/Connection.php(292): mysqli->query('INSERT INTO `ka...', 0)
#1 /opt/lampp7/htdocs/waluranweb/system/Database/BaseConnection.php(666): CodeIgniter\Database\MySQLi\Connection->execute('INSERT INTO `ka...')
#2 /opt/lampp7/htdocs/waluranweb/system/Database/BaseConnection.php(593): CodeIgniter\Database\BaseConnection->simpleQuery('INSERT INTO `ka...')
#3 /opt/lampp7/htdocs/waluranweb/system/Database/BaseBuilder.php(1916): CodeIgniter\Database\BaseConnection->query('INSERT INTO `ka...', Array, false)
#4 /opt/lampp7/htdocs/waluranweb/app/Controllers/Artikel.php(77): CodeIgniter\Database\BaseBuilder->insert(Array)
#5 /opt/lampp7/htdocs/waluranweb/system/CodeIgniter.php(927): App\Controllers\Artikel->create()
#6 /opt/lampp7/htdocs/waluranweb/system/CodeIgniter.php(482): CodeIgniter\CodeIgniter->runController(Object(App\Controllers\Artikel))
#7 /opt/lampp7/htdocs/waluranweb/system/CodeIgniter.php(351): CodeIgniter\CodeIgniter->handleRequest(NULL, Object(Config\Cache), false)
#8 /opt/lampp7/htdocs/waluranweb/public/index.php(67): CodeIgniter\CodeIgniter->run()
#9 {main}
ERROR - 2023-01-13 03:48:48 --> mysqli_sql_exception: Duplicate entry '0' for key 'PRIMARY' in /opt/lampp7/htdocs/waluranweb/system/Database/MySQLi/Connection.php:292
Stack trace:
#0 /opt/lampp7/htdocs/waluranweb/system/Database/MySQLi/Connection.php(292): mysqli->query('INSERT INTO `ar...', 0)
#1 /opt/lampp7/htdocs/waluranweb/system/Database/BaseConnection.php(666): CodeIgniter\Database\MySQLi\Connection->execute('INSERT INTO `ar...')
#2 /opt/lampp7/htdocs/waluranweb/system/Database/BaseConnection.php(593): CodeIgniter\Database\BaseConnection->simpleQuery('INSERT INTO `ar...')
#3 /opt/lampp7/htdocs/waluranweb/system/Database/BaseBuilder.php(1916): CodeIgniter\Database\BaseConnection->query('INSERT INTO `ar...', Array, false)
#4 /opt/lampp7/htdocs/waluranweb/app/Controllers/Artikel.php(77): CodeIgniter\Database\BaseBuilder->insert(Array)
#5 /opt/lampp7/htdocs/waluranweb/system/CodeIgniter.php(927): App\Controllers\Artikel->create()
#6 /opt/lampp7/htdocs/waluranweb/system/CodeIgniter.php(482): CodeIgniter\CodeIgniter->runController(Object(App\Controllers\Artikel))
#7 /opt/lampp7/htdocs/waluranweb/system/CodeIgniter.php(351): CodeIgniter\CodeIgniter->handleRequest(NULL, Object(Config\Cache), false)
#8 /opt/lampp7/htdocs/waluranweb/public/index.php(67): CodeIgniter\CodeIgniter->run()
#9 {main}
ERROR - 2023-01-13 05:16:45 --> mysqli_sql_exception: Unknown column 'title' in 'field list' in /opt/lampp7/htdocs/waluranweb/system/Database/MySQLi/Connection.php:292
Stack trace:
#0 /opt/lampp7/htdocs/waluranweb/system/Database/MySQLi/Connection.php(292): mysqli->query('UPDATE `kategor...', 0)
#1 /opt/lampp7/htdocs/waluranweb/system/Database/BaseConnection.php(666): CodeIgniter\Database\MySQLi\Connection->execute('UPDATE `kategor...')
#2 /opt/lampp7/htdocs/waluranweb/system/Database/BaseConnection.php(593): CodeIgniter\Database\BaseConnection->simpleQuery('UPDATE `kategor...')
#3 /opt/lampp7/htdocs/waluranweb/system/Database/BaseBuilder.php(2079): CodeIgniter\Database\BaseConnection->query('UPDATE `kategor...', Array, false)
#4 /opt/lampp7/htdocs/waluranweb/app/Controllers/Artikel.php(237): CodeIgniter\Database\BaseBuilder->update(Array)
#5 /opt/lampp7/htdocs/waluranweb/system/CodeIgniter.php(927): App\Controllers\Artikel->update()
#6 /opt/lampp7/htdocs/waluranweb/system/CodeIgniter.php(482): CodeIgniter\CodeIgniter->runController(Object(App\Controllers\Artikel))
#7 /opt/lampp7/htdocs/waluranweb/system/CodeIgniter.php(351): CodeIgniter\CodeIgniter->handleRequest(NULL, Object(Config\Cache), false)
#8 /opt/lampp7/htdocs/waluranweb/public/index.php(67): CodeIgniter\CodeIgniter->run()
#9 {main}
CRITICAL - 2023-01-13 05:50:19 --> Invalid argument supplied for foreach()
in APPPATH/Utils/Utils.php on line 57.
 1 APPPATH/Utils/Utils.php(57): CodeIgniter\Debug\Exceptions->errorHandler(2, 'Invalid argument supplied for foreach()', 'APPPATH/Utils/Utils.php', 57, [...])
 2 APPPATH/Controllers/Artikel.php(43): App\Utils\Utils::modifImgPath(null, 'thumbnail', '/assets/images/thumbnail-artikel/')
 3 SYSTEMPATH/CodeIgniter.php(927): App\Controllers\Artikel->show()
 4 SYSTEMPATH/CodeIgniter.php(482): CodeIgniter\CodeIgniter->runController(Object(App\Controllers\Artikel))
 5 SYSTEMPATH/CodeIgniter.php(351): CodeIgniter\CodeIgniter->handleRequest(null, Object(Config\Cache), false)
 6 FCPATH/index.php(67): CodeIgniter\CodeIgniter->run()
CRITICAL - 2023-01-13 07:31:10 --> The route for "/dashboard/artikel" cannot be found.
in SYSTEMPATH/HTTP/RedirectResponse.php on line 60.
 1 SYSTEMPATH/HTTP/RedirectResponse.php(60): CodeIgniter\HTTP\Exceptions\HTTPException::forInvalidRedirectRoute('/dashboard/artikel')
 2 SYSTEMPATH/Common.php(860): CodeIgniter\HTTP\RedirectResponse->route(false)
 3 APPPATH/Controllers/Dashboard.php(24): redirect('/dashboard/artikel')
 4 SYSTEMPATH/CodeIgniter.php(927): App\Controllers\Dashboard->index()
 5 SYSTEMPATH/CodeIgniter.php(482): CodeIgniter\CodeIgniter->runController(Object(App\Controllers\Dashboard))
 6 SYSTEMPATH/CodeIgniter.php(351): CodeIgniter\CodeIgniter->handleRequest(null, Object(Config\Cache), false)
 7 FCPATH/index.php(67): CodeIgniter\CodeIgniter->run()
CRITICAL - 2023-01-13 07:31:38 --> The route for "/dashboard/artikel" cannot be found.
in SYSTEMPATH/HTTP/RedirectResponse.php on line 60.
 1 SYSTEMPATH/HTTP/RedirectResponse.php(60): CodeIgniter\HTTP\Exceptions\HTTPException::forInvalidRedirectRoute('/dashboard/artikel')
 2 SYSTEMPATH/Common.php(860): CodeIgniter\HTTP\RedirectResponse->route(false)
 3 APPPATH/Controllers/Dashboard.php(24): redirect('/dashboard/artikel')
 4 SYSTEMPATH/CodeIgniter.php(927): App\Controllers\Dashboard->index()
 5 SYSTEMPATH/CodeIgniter.php(482): CodeIgniter\CodeIgniter->runController(Object(App\Controllers\Dashboard))
 6 SYSTEMPATH/CodeIgniter.php(351): CodeIgniter\CodeIgniter->handleRequest(null, Object(Config\Cache), false)
 7 FCPATH/index.php(67): CodeIgniter\CodeIgniter->run()
CRITICAL - 2023-01-13 20:30:17 --> Undefined variable: title
in APPPATH/Views/LayoutHtml/index.php on line 4.
 1 APPPATH/Views/LayoutHtml/index.php(4): CodeIgniter\Debug\Exceptions->errorHandler(8, 'Undefined variable: title', 'APPPATH/Views/LayoutHtml/index.php', 4, [])
 2 SYSTEMPATH/View/View.php(213): include('APPPATH/Views/LayoutHtml/index.php')
 3 SYSTEMPATH/View/View.php(216): CodeIgniter\View\View->CodeIgniter\View\{closure}()
 4 SYSTEMPATH/View/View.php(229): CodeIgniter\View\View->render('LayoutHtml/index', [], true)
 5 SYSTEMPATH/Common.php(1134): CodeIgniter\View\View->render('HomePage/blogdetil.php', [], true)
 6 APPPATH/Config/Routes.php(43): view('HomePage/blogdetil.php')
 7 SYSTEMPATH/CodeIgniter.php(868): CodeIgniter\CodeIgniter->Config\{closure}()
 8 SYSTEMPATH/CodeIgniter.php(469): CodeIgniter\CodeIgniter->startController()
 9 SYSTEMPATH/CodeIgniter.php(351): CodeIgniter\CodeIgniter->handleRequest(null, Object(Config\Cache), false)
10 FCPATH/index.php(67): CodeIgniter\CodeIgniter->run()
CRITICAL - 2023-01-13 21:55:36 --> Undefined variable: title
in APPPATH/Views/LayoutHtml/index.php on line 4.
 1 APPPATH/Views/LayoutHtml/index.php(4): CodeIgniter\Debug\Exceptions->errorHandler(8, 'Undefined variable: title', 'APPPATH/Views/LayoutHtml/index.php', 4, [])
 2 SYSTEMPATH/View/View.php(213): include('APPPATH/Views/LayoutHtml/index.php')
 3 SYSTEMPATH/View/View.php(216): CodeIgniter\View\View->CodeIgniter\View\{closure}()
 4 SYSTEMPATH/View/View.php(229): CodeIgniter\View\View->render('LayoutHtml/index', [], true)
 5 SYSTEMPATH/Common.php(1134): CodeIgniter\View\View->render('HomePage/blog.php', [], true)
 6 APPPATH/Config/Routes.php(41): view('HomePage/blog.php')
 7 SYSTEMPATH/CodeIgniter.php(868): CodeIgniter\CodeIgniter->Config\{closure}()
 8 SYSTEMPATH/CodeIgniter.php(469): CodeIgniter\CodeIgniter->startController()
 9 SYSTEMPATH/CodeIgniter.php(351): CodeIgniter\CodeIgniter->handleRequest(null, Object(Config\Cache), false)
10 FCPATH/index.php(67): CodeIgniter\CodeIgniter->run()
CRITICAL - 2023-01-13 22:50:38 --> Trying to get property 'thumbnail' of non-object
in APPPATH/Views/HomePage/blog.php on line 86.
 1 APPPATH/Views/HomePage/blog.php(86): CodeIgniter\Debug\Exceptions->errorHandler(8, 'Trying to get property \'thumbnail\' of non-object', 'APPPATH/Views/HomePage/blog.php', 86, [...])
 2 SYSTEMPATH/View/View.php(213): include('APPPATH/Views/HomePage/blog.php')
 3 SYSTEMPATH/View/View.php(216): CodeIgniter\View\View->CodeIgniter\View\{closure}()
 4 SYSTEMPATH/Common.php(1134): CodeIgniter\View\View->render('HomePage/blog', [], true)
 5 APPPATH/Controllers/Home.php(28): view('HomePage/blog', [...])
 6 SYSTEMPATH/CodeIgniter.php(927): App\Controllers\Home->blogList()
 7 SYSTEMPATH/CodeIgniter.php(482): CodeIgniter\CodeIgniter->runController(Object(App\Controllers\Home))
 8 SYSTEMPATH/CodeIgniter.php(351): CodeIgniter\CodeIgniter->handleRequest(null, Object(Config\Cache), false)
 9 FCPATH/index.php(67): CodeIgniter\CodeIgniter->run()
